\BOOKMARK [0][]{chapter.1}{1 Introducci\363n}{}% 1
\BOOKMARK [1][]{section.1.1}{1.1 Descripci\363n del problema}{chapter.1}% 2
\BOOKMARK [2][]{subsection.1.1.1}{1.1.1 Problema espec\355fico}{section.1.1}% 3
\BOOKMARK [1][]{section.1.2}{1.2 Objetivo general}{chapter.1}% 4
\BOOKMARK [1][]{section.1.3}{1.3 Objetivos espec\355ficos}{chapter.1}% 5
\BOOKMARK [1][]{section.1.4}{1.4 Contribuci\363n del trabajo de titulaci\363n}{chapter.1}% 6
\BOOKMARK [0][]{chapter.2}{2 Marco te\363rico}{}% 7
\BOOKMARK [1][]{section.2.1}{2.1 Lenguaje de programaci\363n Python}{chapter.2}% 8
\BOOKMARK [1][]{section.2.2}{2.2 Bases de datos}{chapter.2}% 9
\BOOKMARK [1][]{section.2.3}{2.3 Git}{chapter.2}% 10
\BOOKMARK [0][]{chapter.3}{3 Metodolog\355a}{}% 11
\BOOKMARK [1][]{section.3.1}{3.1 T\355tulo primera secci\363n cap\355tulo}{chapter.3}% 12
\BOOKMARK [2][]{subsection.3.1.1}{3.1.1 Subt\355tulo.}{section.3.1}% 13
\BOOKMARK [0][]{chapter.4}{4 Resultados.}{}% 14
\BOOKMARK [1][]{section.4.1}{4.1 Ejemplo de titulo 2.}{chapter.4}% 15
\BOOKMARK [2][]{subsection.4.1.1}{4.1.1 Ejemplo de titulo 3.}{section.4.1}% 16
\BOOKMARK [1][]{section.4.2}{4.2 Discusi\363n de resultados.}{chapter.4}% 17
\BOOKMARK [0][]{chapter.5}{5 Conclusiones}{}% 18
\BOOKMARK [0][]{chapter.5}{Bibliograf\355a}{}% 19
\BOOKMARK [0][]{appendix.Alph1}{A Ejemplo de ap\351ndice o anexo}{}% 20
\BOOKMARK [1][]{section.Alph1.1}{A.1 Sub t\355tulo primer ap\351ndice o anexo}{appendix.Alph1}% 21
\BOOKMARK [2][]{subsection.Alph1.1.1}{A.1.1 Sub secci\363n del primer ap\351ndice o anexo}{section.Alph1.1}% 22
